TN:
SF:C:/Users/Justin/WebstormProjects/TeamTreeHouseProject11/src/app.js
FN:33,(anonymous_0)
FN:34,(anonymous_1)
FN:43,(anonymous_2)
FN:45,(anonymous_3)
FN:82,(anonymous_4)
FN:89,(anonymous_5)
FNF:6
FNH:6
FNDA:1,(anonymous_0)
FNDA:1,(anonymous_1)
FNDA:1,(anonymous_2)
FNDA:1,(anonymous_3)
FNDA:2,(anonymous_4)
FNDA:15,(anonymous_5)
DA:1,1
DA:2,1
DA:3,1
DA:4,1
DA:5,1
DA:6,1
DA:7,1
DA:8,1
DA:9,1
DA:10,1
DA:11,1
DA:12,1
DA:13,1
DA:14,1
DA:16,1
DA:17,1
DA:21,1
DA:22,1
DA:23,1
DA:28,1
DA:30,1
DA:31,1
DA:33,1
DA:34,1
DA:35,1
DA:37,1
DA:43,1
DA:45,1
DA:46,1
DA:53,1
DA:54,1
DA:59,1
DA:70,1
DA:71,0
DA:73,1
DA:74,1
DA:75,1
DA:76,1
DA:78,1
DA:79,1
DA:82,1
DA:83,2
DA:84,2
DA:85,2
DA:89,1
DA:91,15
DA:92,15
DA:94,15
DA:96,15
LF:49
LH:48
BRDA:70,0,0,0
BRDA:70,0,1,1
BRDA:92,1,0,0
BRDA:92,1,1,15
BRDA:94,2,0,15
BRDA:94,2,1,0
BRF:6
BRH:3
end_of_record
TN:
SF:C:/Users/Justin/WebstormProjects/TeamTreeHouseProject11/src/utils.js
FNF:0
FNH:0
DA:3,9
DA:4,9
DA:5,9
LF:3
LH:3
BRF:0
BRH:0
end_of_record
TN:
SF:C:/Users/Justin/WebstormProjects/TeamTreeHouseProject11/src/middleware/index.js
FN:5,authorizeUser
FN:10,(anonymous_2)
FNF:2
FNH:2
FNDA:3,authorizeUser
FNDA:2,(anonymous_2)
DA:1,1
DA:2,1
DA:3,1
DA:6,3
DA:7,3
DA:8,1
DA:10,2
DA:11,2
DA:12,1
DA:14,1
DA:15,1
LF:11
LH:11
BRDA:7,0,0,1
BRDA:7,0,1,2
BRDA:7,1,0,3
BRDA:7,1,1,2
BRDA:7,1,2,2
BRDA:11,2,0,1
BRDA:11,2,1,1
BRDA:11,3,0,2
BRDA:11,3,1,1
BRF:9
BRH:9
end_of_record
TN:
SF:C:/Users/Justin/WebstormProjects/TeamTreeHouseProject11/src/models/course.js
FNF:0
FNH:0
DA:1,1
DA:2,1
DA:4,1
DA:48,1
DA:49,1
LF:5
LH:5
BRF:0
BRH:0
end_of_record
TN:
SF:C:/Users/Justin/WebstormProjects/TeamTreeHouseProject11/src/models/review.js
FNF:0
FNH:0
DA:1,1
DA:2,1
DA:4,1
DA:25,1
DA:26,1
LF:5
LH:5
BRF:0
BRH:0
end_of_record
TN:
SF:C:/Users/Justin/WebstormProjects/TeamTreeHouseProject11/src/models/user.js
FN:27,(anonymous_1)
FN:29,(anonymous_2)
FN:37,(anonymous_3)
FN:49,(anonymous_4)
FN:54,(anonymous_5)
FN:56,(anonymous_6)
FN:71,(anonymous_7)
FN:73,(anonymous_8)
FNF:8
FNH:8
FNDA:2,(anonymous_1)
FNDA:2,(anonymous_2)
FNDA:1,(anonymous_3)
FNDA:5,(anonymous_4)
FNDA:2,(anonymous_5)
FNDA:2,(anonymous_6)
FNDA:4,(anonymous_7)
FNDA:4,(anonymous_8)
DA:1,1
DA:2,1
DA:3,1
DA:5,1
DA:7,1
DA:27,1
DA:28,2
DA:30,2
DA:31,0
DA:32,2
DA:33,1
DA:34,1
DA:35,1
DA:37,1
DA:38,1
DA:39,1
DA:41,0
DA:49,1
DA:50,5
DA:51,5
DA:54,1
DA:55,2
DA:57,2
DA:58,0
DA:59,2
DA:60,1
DA:61,1
DA:62,1
DA:64,1
DA:71,1
DA:72,4
DA:73,4
DA:74,4
DA:75,0
DA:77,4
DA:78,4
DA:81,1
DA:82,1
LF:38
LH:34
BRDA:30,0,0,0
BRDA:30,0,1,2
BRDA:32,1,0,1
BRDA:32,1,1,1
BRDA:38,2,0,1
BRDA:38,2,1,0
BRDA:57,3,0,0
BRDA:57,3,1,2
BRDA:59,4,0,1
BRDA:59,4,1,1
BRDA:74,5,0,0
BRDA:74,5,1,4
BRF:12
BRH:8
end_of_record
TN:
SF:C:/Users/Justin/WebstormProjects/TeamTreeHouseProject11/src/routes/index.js
FN:6,(anonymous_0)
FN:10,(anonymous_1)
FN:15,(anonymous_2)
FN:22,(anonymous_3)
FNF:4
FNH:3
FNDA:0,(anonymous_0)
FNDA:1,(anonymous_1)
FNDA:4,(anonymous_2)
FNDA:1,(anonymous_3)
DA:1,1
DA:2,1
DA:3,1
DA:6,1
DA:7,0
DA:10,1
DA:11,1
DA:15,1
DA:16,4
DA:17,3
DA:18,3
DA:19,3
DA:21,1
DA:22,1
DA:23,1
DA:24,0
DA:26,1
DA:31,1
LF:18
LH:16
BRDA:16,0,0,3
BRDA:16,0,1,1
BRDA:16,1,0,4
BRDA:16,1,1,2
BRDA:23,2,0,0
BRDA:23,2,1,1
BRF:6
BRH:5
end_of_record
TN:
SF:C:/Users/Justin/WebstormProjects/TeamTreeHouseProject11/src/routes/user.js
FN:8,(anonymous_1)
FN:13,(anonymous_2)
FN:25,(anonymous_3)
FN:32,(anonymous_4)
FN:37,(anonymous_5)
FNF:5
FNH:5
FNDA:1,(anonymous_1)
FNDA:1,(anonymous_2)
FNDA:9,(anonymous_3)
FNDA:2,(anonymous_4)
FNDA:1,(anonymous_5)
DA:1,1
DA:2,1
DA:3,1
DA:4,1
DA:5,1
DA:8,1
DA:9,1
DA:10,0
DA:12,1
DA:14,1
DA:15,0
DA:17,1
DA:18,1
DA:25,1
DA:26,9
DA:27,4
DA:29,5
DA:30,3
DA:32,2
DA:33,2
DA:34,1
DA:36,1
DA:37,1
DA:38,1
DA:39,0
DA:41,1
DA:42,1
DA:49,1
LF:28
LH:25
BRDA:9,0,0,0
BRDA:9,0,1,1
BRDA:9,1,0,1
BRDA:9,1,1,1
BRDA:14,2,0,0
BRDA:14,2,1,1
BRDA:26,3,0,4
BRDA:26,3,1,5
BRDA:26,4,0,9
BRDA:26,4,1,7
BRDA:26,4,2,6
BRDA:29,5,0,3
BRDA:29,5,1,2
BRDA:33,6,0,1
BRDA:33,6,1,1
BRDA:38,7,0,0
BRDA:38,7,1,1
BRF:17
BRH:14
end_of_record
